2022-04-26 17:11:42 [main] com.openclassrooms.SafetynetAlert.service.CheckerService.checkingLoadDataJSon()
DEBUG: Loading DataJson ...
2022-04-26 17:11:42 [main] com.openclassrooms.SafetynetAlert.service.CheckerService.checkingLoadDataJSon()
DEBUG: Load Persons
2022-04-26 17:11:42 [main] com.openclassrooms.SafetynetAlert.config.UrlFileReader.urlDataJSON()
DEBUG: getUrlDataJSON
2022-04-26 17:11:42 [main] com.openclassrooms.SafetynetAlert.LoadDataJSON.resetArrayPersons()
DEBUG: resetArrayPerson
2022-04-26 17:11:42 [main] com.openclassrooms.SafetynetAlert.LoadDataJSON.loadJsonFile()
DEBUG: loadJsonFile success
2022-04-26 17:11:42 [main] com.openclassrooms.SafetynetAlert.service.CheckerService.checkingLoadDataJSon()
DEBUG: SUCCESS
2022-04-26 17:11:42 [main] com.openclassrooms.SafetynetAlert.service.CheckerService.checkingLoadDataJSon()
DEBUG: Load FireStations
2022-04-26 17:11:42 [main] com.openclassrooms.SafetynetAlert.config.UrlFileReader.urlDataJSON()
DEBUG: getUrlDataJSON
2022-04-26 17:11:42 [main] com.openclassrooms.SafetynetAlert.LoadDataJSON.resetArrayFireStation()
DEBUG: resetArrayFireStation
2022-04-26 17:11:42 [main] com.openclassrooms.SafetynetAlert.LoadDataJSON.loadJsonFile()
DEBUG: loadJsonFile success
2022-04-26 17:11:42 [main] com.openclassrooms.SafetynetAlert.service.CheckerService.checkingLoadDataJSon()
DEBUG: SUCCESS
2022-04-26 17:11:42 [main] com.openclassrooms.SafetynetAlert.service.CheckerService.checkingLoadDataJSon()
DEBUG: Load Medical Records
2022-04-26 17:11:42 [main] com.openclassrooms.SafetynetAlert.config.UrlFileReader.urlDataJSON()
DEBUG: getUrlDataJSON
2022-04-26 17:11:42 [main] com.openclassrooms.SafetynetAlert.LoadDataJSON.resetArrayMedicalRecord()
DEBUG: resetArrayMedicalRecord
2022-04-26 17:11:42 [main] com.openclassrooms.SafetynetAlert.LoadDataJSON.loadJsonFile()
DEBUG: loadJsonFile success
2022-04-26 17:11:42 [main] com.openclassrooms.SafetynetAlert.service.CheckerService.checkingLoadDataJSon()
DEBUG: SUCCESS
2022-04-26 17:11:42 [main] com.openclassrooms.SafetynetAlert.service.CheckerService.checkingLoadDataJSon()
DEBUG: Loading over
